consumer/build/outputs/logs/manifest-merger-debug-report.txt
-- Merging decision tree log ---
manifest
ADDED from src/main/AndroidManifest.xml:2:1-287:12
INJECTED from src/main/AndroidManifest.xml:2:1-287:12
INJECTED from src/main/AndroidManifest.xml:2:1-287:12
INJECTED from src/main/AndroidManifest.xml:2:1-287:12
MERGED from [com.youth.banner:banner:1.4.10] AndroidManifest.xml:2:1-11:12
MERGED from [com.makeramen:roundedimageview:2.2.1] AndroidManifest.xml:2:1-9:12
MERGED from [com.android.support:design:27.1.1] AndroidManifest.xml:17:1-22:12
MERGED from [com.android.support:multidex:1.0.2] AndroidManifest.xml:17:1-22:12
MERGED from [:libmc] AndroidManifest.xml:2:1-13:12
MERGED from [com.github.chrisbanes.photoview:library:1.2.3] AndroidManifest.xml:1:92-6:12
MERGED from [:easeui] AndroidManifest.xml:2:1-9:12
MERGED from [com.google.android.gms:play-services-base:11.4.0] AndroidManifest.xml:16:1-21:12
MERGED from [com.google.android.gms:play-services-tasks:11.4.0] AndroidManifest.xml:2:1-5:12
MERGED from [com.google.android.gms:play-services-basement:11.4.0] AndroidManifest.xml:16:1-23:12
MERGED from [com.android.support:support-v4:27.1.1] AndroidManifest.xml:17:1-22:12
MERGED from [com.yuyh.bubble:library:1.0.0] AndroidManifest.xml:2:1-17:12
MERGED from [com.android.support:appcompat-v7:27.1.1] AndroidManifest.xml:17:1-22:12
MERGED from [com.android.support.constraint:constraint-layout:1.1.1] AndroidManifest.xml:2:1-11:12
MERGED from [com.android.support:recyclerview-v7:27.1.1] AndroidManifest.xml:17:1-22:12
MERGED from [com.android.support:transition:27.1.1] AndroidManifest.xml:17:1-22:12
MERGED from [com.jakewharton:butterknife:8.8.1] AndroidManifest.xml:2:1-7:12
MERGED from [com.android.support:animated-vector-drawable:27.1.1] AndroidManifest.xml:17:1-22:12
MERGED from [com.android.support:support-fragment:27.1.1] AndroidManifest.xml:17:1-22:12
MERGED from [com.android.support:support-core-ui:27.1.1] AndroidManifest.xml:17:1-22:12
MERGED from [com.android.support:support-core-utils:27.1.1] AndroidManifest.xml:17:1-22:12
MERGED from [com.android.support:support-vector-drawable:27.1.1] AndroidManifest.xml:17:1-22:12
MERGED from [com.android.support:support-media-compat:27.1.1] AndroidManifest.xml:17:1-22:12
MERGED from [com.android.support:support-compat:27.1.1] AndroidManifest.xml:17:1-22:12
MERGED from [com.huxq17.xrefreshview:xrefreshview:3.6.9] AndroidManifest.xml:2:1-12:12
MERGED from [com.githang:com-phillipcalvin-iconbutton:2.0.2] AndroidManifest.xml:2:1-13:12
MERGED from [:customprogressview:] AndroidManifest.xml:2:1-11:12
MERGED from [:modulebase:] AndroidManifest.xml:2:1-308:12
MERGED from [com.scwang.smartrefresh:SmartRefreshLayout:1.1.0-alpha-14] AndroidManifest.xml:2:1-17:12
MERGED from [com.getui:sdk:2.12.5.0] AndroidManifest.xml:2:1-84:12
MERGED from [android.arch.lifecycle:runtime:1.1.0] AndroidManifest.xml:17:1-22:12
MERGED from [android.arch.lifecycle:livedata-core:1.1.0] AndroidManifest.xml:17:1-22:12
MERGED from [android.arch.lifecycle:viewmodel:1.1.0] AndroidManifest.xml:17:1-22:12
MERGED from [android.arch.core:runtime:1.1.0] AndroidManifest.xml:17:1-22:12
INJECTED from src/main/AndroidManifest.xml:2:1-287:12
INJECTED from src/main/AndroidManifest.xml:2:1-287:12
INJECTED from src/main/AndroidManifest.xml:2:1-287:12
	package
		ADDED from src/main/AndroidManifest.xml:2:11-51
		INJECTED from src/main/AndroidManifest.xml
		INJECTED from src/main/AndroidManifest.xml
	android:versionName
		INJECTED from src/main/AndroidManifest.xml
		ADDED from src/main/AndroidManifest.xml:2:1-287:12
		INJECTED from src/main/AndroidManifest.xml
	xmlns:tools
		ADDED from src/main/AndroidManifest.xml:4:11-57
	android:versionCode
		INJECTED from src/main/AndroidManifest.xml
		ADDED from src/main/AndroidManifest.xml:2:1-287:12
		INJECTED from src/main/AndroidManifest.xml
	xmlns:android
		ADDED from src/main/AndroidManifest.xml:3:11-69
uses-permission#android.permission.READ_EXTERNAL_STORAGE
ADDED from src/main/AndroidManifest.xml:6:5-79
	android:name
		ADDED from src/main/AndroidManifest.xml:6:22-77
uses-permission#android.permission.REQUEST_INSTALL_PACKAGES
ADDED from src/main/AndroidManifest.xml:7:5-83
	android:name
		ADDED from src/main/AndroidManifest.xml:7:22-80
uses-permission#android.permission.INTERNET
ADDED from src/main/AndroidManifest.xml:9:5-66
MERGED from [:modulebase:] AndroidManifest.xml:61:5-67
MERGED from [:modulebase:] AndroidManifest.xml:61:5-67
MERGED from [com.getui:sdk:2.12.5.0] AndroidManifest.xml:11:5-67
MERGED from [com.getui:sdk:2.12.5.0] AndroidManifest.xml:11:5-67
	android:name
		ADDED from src/main/AndroidManifest.xml:9:22-64
uses-permission#android.permission.WRITE_EXTERNAL_STORAGE
ADDED from src/main/AndroidManifest.xml:11:5-80
MERGED from [:modulebase:] AndroidManifest.xml:79:5-81
MERGED from [:modulebase:] AndroidManifest.xml:79:5-81
MERGED from [com.getui:sdk:2.12.5.0] AndroidManifest.xml:18:5-81
MERGED from [com.getui:sdk:2.12.5.0] AndroidManifest.xml:18:5-81
	android:name
		ADDED from src/main/AndroidManifest.xml:11:22-78
uses-permission#android.permission.ACCESS_NETWORK_STATE
ADDED from src/main/AndroidManifest.xml:13:5-78
MERGED from [:modulebase:] AndroidManifest.xml:48:5-79
MERGED from [:modulebase:] AndroidManifest.xml:48:5-79
MERGED from [com.getui:sdk:2.12.5.0] AndroidManifest.xml:13:5-79
MERGED from [com.getui:sdk:2.12.5.0] AndroidManifest.xml:13:5-79
	android:name
		ADDED from src/main/AndroidManifest.xml:13:22-76
uses-permission#android.permission.ACCESS_WIFI_STATE
ADDED from src/main/AndroidManifest.xml:15:5-75
MERGED from [:modulebase:] AndroidManifest.xml:46:5-76
MERGED from [:modulebase:] AndroidManifest.xml:46:5-76
MERGED from [com.getui:sdk:2.12.5.0] AndroidManifest.xml:15:5-76
MERGED from [com.getui:sdk:2.12.5.0] AndroidManifest.xml:15:5-76
	android:name
		ADDED from src/main/AndroidManifest.xml:15:22-73
uses-permission#android.permission.READ_PHONE_STATE
ADDED from src/main/AndroidManifest.xml:17:5-74
MERGED from [com.getui:sdk:2.12.5.0] AndroidManifest.xml:12:5-75
MERGED from [com.getui:sdk:2.12.5.0] AndroidManifest.xml:12:5-75
	android:name
		ADDED from src/main/AndroidManifest.xml:17:22-72
uses-permission#android.permission.ACCESS_COARSE_LOCATION
ADDED from src/main/AndroidManifest.xml:19:5-80
MERGED from [:modulebase:] AndroidManifest.xml:75:5-81
MERGED from [:modulebase:] AndroidManifest.xml:75:5-81
	android:name
		ADDED from src/main/AndroidManifest.xml:19:22-78
uses-permission#android.permission.CHANGE_WIFI_STATE
ADDED from src/main/AndroidManifest.xml:21:5-75
MERGED from [:modulebase:] AndroidManifest.xml:50:5-76
MERGED from [:modulebase:] AndroidManifest.xml:50:5-76
MERGED from [com.getui:sdk:2.12.5.0] AndroidManifest.xml:14:5-76
MERGED from [com.getui:sdk:2.12.5.0] AndroidManifest.xml:14:5-76
	android:name
		ADDED from src/main/AndroidManifest.xml:21:22-73
uses-permission#android.permission.ACCESS_FINE_LOCATION
ADDED from src/main/AndroidManifest.xml:26:5-78
MERGED from [:modulebase:] AndroidManifest.xml:77:5-79
MERGED from [:modulebase:] AndroidManifest.xml:77:5-79
	android:name
		ADDED from src/main/AndroidManifest.xml:26:22-76
uses-permission#android.permission.ACCESS_LOCATION_EXTRA_COMMANDS
ADDED from src/main/AndroidManifest.xml:29:5-88
	android:name
		ADDED from src/main/AndroidManifest.xml:29:22-86
uses-permission#android.permission.FLASHLIGHT
ADDED from src/main/AndroidManifest.xml:32:5-68
MERGED from [:modulebase:] AndroidManifest.xml:52:5-69
MERGED from [:modulebase:] AndroidManifest.xml:52:5-69
	android:name
		ADDED from src/main/AndroidManifest.xml:32:22-66
uses-feature#android.hardware.camera
ADDED from src/main/AndroidManifest.xml:34:5-59
MERGED from [:modulebase:] AndroidManifest.xml:90:5-60
MERGED from [:modulebase:] AndroidManifest.xml:90:5-60
	android:name
		ADDED from src/main/AndroidManifest.xml:34:19-57
uses-feature#android.hardware.camera.autofocus
ADDED from src/main/AndroidManifest.xml:35:5-69
MERGED from [:modulebase:] AndroidManifest.xml:91:5-70
MERGED from [:modulebase:] AndroidManifest.xml:91:5-70
	android:name
		ADDED from src/main/AndroidManifest.xml:35:19-67
uses-permission#android.permission.RECORD_AUDIO
ADDED from src/main/AndroidManifest.xml:37:5-70
	android:name
		ADDED from src/main/AndroidManifest.xml:37:22-68
uses-permission#android.permission.CAMERA
ADDED from src/main/AndroidManifest.xml:38:5-64
MERGED from [:modulebase:] AndroidManifest.xml:73:5-65
MERGED from [:modulebase:] AndroidManifest.xml:73:5-65
	android:name
		ADDED from src/main/AndroidManifest.xml:38:22-62
uses-permission#android.permission.WRITE_SETTINGS
ADDED from src/main/AndroidManifest.xml:40:5-72
MERGED from [:modulebase:] AndroidManifest.xml:57:5-73
MERGED from [:modulebase:] AndroidManifest.xml:57:5-73
	android:name
		ADDED from src/main/AndroidManifest.xml:40:22-70
uses-permission#android.permission.CALL_PHONE
ADDED from src/main/AndroidManifest.xml:41:5-68
MERGED from [:libmc] AndroidManifest.xml:11:5-69
MERGED from [:libmc] AndroidManifest.xml:11:5-69
MERGED from [:modulebase:] AndroidManifest.xml:71:5-69
MERGED from [:modulebase:] AndroidManifest.xml:71:5-69
	android:name
		ADDED from src/main/AndroidManifest.xml:41:22-66
uses-permission#android.permission.VIBRATE
ADDED from src/main/AndroidManifest.xml:44:5-65
MERGED from [:modulebase:] AndroidManifest.xml:54:5-66
MERGED from [:modulebase:] AndroidManifest.xml:54:5-66
MERGED from [com.getui:sdk:2.12.5.0] AndroidManifest.xml:19:5-66
MERGED from [com.getui:sdk:2.12.5.0] AndroidManifest.xml:19:5-66
	android:name
		ADDED from src/main/AndroidManifest.xml:44:22-63
uses-permission#android.permission.MOUNT_UNMOUNT_FILESYSTEMS
ADDED from src/main/AndroidManifest.xml:50:5-83
	android:name
		ADDED from src/main/AndroidManifest.xml:50:22-81
uses-permission#android.permission.GET_TASKS
ADDED from src/main/AndroidManifest.xml:52:5-67
MERGED from [com.getui:sdk:2.12.5.0] AndroidManifest.xml:20:5-68
MERGED from [com.getui:sdk:2.12.5.0] AndroidManifest.xml:20:5-68
	android:name
		ADDED from src/main/AndroidManifest.xml:52:22-65
uses-permission#android.permission.WAKE_LOCK
ADDED from src/main/AndroidManifest.xml:55:5-67
MERGED from [:modulebase:] AndroidManifest.xml:59:5-68
MERGED from [:modulebase:] AndroidManifest.xml:59:5-68
MERGED from [com.getui:sdk:2.12.5.0] AndroidManifest.xml:16:5-68
MERGED from [com.getui:sdk:2.12.5.0] AndroidManifest.xml:16:5-68
	android:name
		ADDED from src/main/AndroidManifest.xml:55:22-65
uses-permission#android.permission.MODIFY_AUDIO_SETTINGS
ADDED from src/main/AndroidManifest.xml:56:5-79
	android:name
		ADDED from src/main/AndroidManifest.xml:56:22-77
uses-permission#android.permission.RECEIVE_BOOT_COMPLETED
ADDED from src/main/AndroidManifest.xml:58:5-80
MERGED from [com.getui:sdk:2.12.5.0] AndroidManifest.xml:17:5-81
MERGED from [com.getui:sdk:2.12.5.0] AndroidManifest.xml:17:5-81
	android:name
		ADDED from src/main/AndroidManifest.xml:58:22-78
application
ADDED from src/main/AndroidManifest.xml:60:5-286:19
MERGED from [com.github.chrisbanes.photoview:library:1.2.3] AndroidManifest.xml:4:5-81
MERGED from [com.github.chrisbanes.photoview:library:1.2.3] AndroidManifest.xml:4:5-81
MERGED from [com.google.android.gms:play-services-base:11.4.0] AndroidManifest.xml:18:5-20:19
MERGED from [com.google.android.gms:play-services-base:11.4.0] AndroidManifest.xml:18:5-20:19
MERGED from [com.google.android.gms:play-services-tasks:11.4.0] AndroidManifest.xml:4:5-19
MERGED from [com.google.android.gms:play-services-tasks:11.4.0] AndroidManifest.xml:4:5-19
MERGED from [com.google.android.gms:play-services-basement:11.4.0] AndroidManifest.xml:19:5-21:19
MERGED from [com.google.android.gms:play-services-basement:11.4.0] AndroidManifest.xml:19:5-21:19
MERGED from [com.yuyh.bubble:library:1.0.0] AndroidManifest.xml:11:5-15:19
MERGED from [com.yuyh.bubble:library:1.0.0] AndroidManifest.xml:11:5-15:19
MERGED from [com.android.support.constraint:constraint-layout:1.1.1] AndroidManifest.xml:9:5-20
MERGED from [com.android.support.constraint:constraint-layout:1.1.1] AndroidManifest.xml:9:5-20
MERGED from [com.githang:com-phillipcalvin-iconbutton:2.0.2] AndroidManifest.xml:11:5-20
MERGED from [com.githang:com-phillipcalvin-iconbutton:2.0.2] AndroidManifest.xml:11:5-20
MERGED from [:modulebase:] AndroidManifest.xml:101:5-306:19
MERGED from [:modulebase:] AndroidManifest.xml:101:5-306:19
MERGED from [com.scwang.smartrefresh:SmartRefreshLayout:1.1.0-alpha-14] AndroidManifest.xml:11:5-15:19
MERGED from [com.scwang.smartrefresh:SmartRefreshLayout:1.1.0-alpha-14] AndroidManifest.xml:11:5-15:19
MERGED from [com.getui:sdk:2.12.5.0] AndroidManifest.xml:32:5-82:19
MERGED from [com.getui:sdk:2.12.5.0] AndroidManifest.xml:32:5-82:19
	android:supportsRtl
		ADDED from src/main/AndroidManifest.xml:67:9-35
	android:label
		ADDED from src/main/AndroidManifest.xml:64:9-41
	android:hardwareAccelerated
		ADDED from [com.github.chrisbanes.photoview:library:1.2.3] AndroidManifest.xml:4:45-79
	android:roundIcon
		ADDED from src/main/AndroidManifest.xml:66:9-45
	android:largeHeap
		ADDED from src/main/AndroidManifest.xml:65:9-33
	android:icon
		ADDED from src/main/AndroidManifest.xml:63:9-40
		REJECTED from [:modulebase:] AndroidManifest.xml:103:9-47
	android:allowBackup
		ADDED from src/main/AndroidManifest.xml:62:9-35
		REJECTED from [com.github.chrisbanes.photoview:library:1.2.3] AndroidManifest.xml:4:18-44
		REJECTED from [com.yuyh.bubble:library:1.0.0] AndroidManifest.xml:12:9-35
		REJECTED from [:modulebase:] AndroidManifest.xml:102:9-36
	android:theme
		ADDED from src/main/AndroidManifest.xml:68:9-65
	tools:replace
		ADDED from src/main/AndroidManifest.xml:69:9-71
	android:usesCleartextTraffic
		ADDED from [com.getui:sdk:2.12.5.0] AndroidManifest.xml:32:18-53
	android:name
		ADDED from src/main/AndroidManifest.xml:61:9-65
provider#android.support.v4.content.FileProvider
ADDED from src/main/AndroidManifest.xml:71:9-80:20
MERGED from [:modulebase:] AndroidManifest.xml:113:9-121:20
MERGED from [:modulebase:] AndroidManifest.xml:113:9-121:20
	android:grantUriPermissions
		ADDED from src/main/AndroidManifest.xml:75:13-47
	android:authorities
		ADDED from src/main/AndroidManifest.xml:73:13-78
		REJECTED from [:modulebase:] AndroidManifest.xml:115:13-67
	android:exported
		ADDED from src/main/AndroidManifest.xml:74:13-37
	tools:replace
		ADDED from src/main/AndroidManifest.xml:76:13-48
	android:name
		ADDED from src/main/AndroidManifest.xml:72:13-67
meta-data#android.support.FILE_PROVIDER_PATHS
ADDED from src/main/AndroidManifest.xml:77:13-79:56
MERGED from [:modulebase:] AndroidManifest.xml:118:13-120:57
MERGED from [:modulebase:] AndroidManifest.xml:118:13-120:57
	android:resource
		ADDED from src/main/AndroidManifest.xml:79:17-54
	android:name
		ADDED from src/main/AndroidManifest.xml:78:17-67
meta-data#com.amap.api.v2.apikey
ADDED from src/main/AndroidManifest.xml:82:9-84:63
	android:value
		ADDED from src/main/AndroidManifest.xml:84:13-61
	android:name
		ADDED from src/main/AndroidManifest.xml:83:13-50
meta-data#EASEMOB_APPKEY
ADDED from src/main/AndroidManifest.xml:87:9-89:77
	android:value
		ADDED from src/main/AndroidManifest.xml:89:13-75
	android:name
		ADDED from src/main/AndroidManifest.xml:88:13-42
service#com.kiun.modelcommonsupport.hx.HXChatService
ADDED from src/main/AndroidManifest.xml:91:9-93:38
	android:exported
		ADDED from src/main/AndroidManifest.xml:93:13-36
	android:name
		ADDED from src/main/AndroidManifest.xml:92:13-72
service#com.kiun.modelcommonsupport.hx.HXJobService
ADDED from src/main/AndroidManifest.xml:94:9-97:71
	android:exported
		ADDED from src/main/AndroidManifest.xml:96:13-36
	android:permission
		ADDED from src/main/AndroidManifest.xml:97:13-69
	android:name
		ADDED from src/main/AndroidManifest.xml:95:13-71
receiver#com.kiun.modelcommonsupport.hx.HXMonitorReceiver
ADDED from src/main/AndroidManifest.xml:99:9-109:20
	android:name
		ADDED from src/main/AndroidManifest.xml:99:19-82
intent-filter#action:name:android.intent.action.PACKAGE_REMOVED+data:scheme:package
ADDED from src/main/AndroidManifest.xml:100:13-103:29
action#android.intent.action.PACKAGE_REMOVED
ADDED from src/main/AndroidManifest.xml:101:17-79
	android:name
		ADDED from src/main/AndroidManifest.xml:101:25-77
data
ADDED from src/main/AndroidManifest.xml:102:17-49
	android:scheme
		ADDED from src/main/AndroidManifest.xml:102:23-47
intent-filter#action:name:android.intent.action.BOOT_COMPLETED+action:name:android.intent.action.USER_PRESENT
ADDED from src/main/AndroidManifest.xml:105:13-108:29
action#android.intent.action.BOOT_COMPLETED
ADDED from src/main/AndroidManifest.xml:106:17-78
	android:name
		ADDED from src/main/AndroidManifest.xml:106:25-76
action#android.intent.action.USER_PRESENT
ADDED from src/main/AndroidManifest.xml:107:17-76
	android:name
		ADDED from src/main/AndroidManifest.xml:107:25-74
service#com.amap.api.location.APSService
ADDED from src/main/AndroidManifest.xml:111:9-67
	android:name
		ADDED from src/main/AndroidManifest.xml:111:18-65
activity#com.xzxx.decorate.o2o.ui.MaterInformationActivity
ADDED from src/main/AndroidManifest.xml:113:9-118:20
	android:name
		ADDED from src/main/AndroidManifest.xml:113:19-83
intent-filter#action:name:android.intent.action.MAIN+category:name:android.intent.category.LAUNCHER
ADDED from src/main/AndroidManifest.xml:114:13-117:29
action#android.intent.action.MAIN
ADDED from src/main/AndroidManifest.xml:115:13-64
	android:name
		ADDED from src/main/AndroidManifest.xml:115:21-62
category#android.intent.category.LAUNCHER
ADDED from src/main/AndroidManifest.xml:116:13-72
	android:name
		ADDED from src/main/AndroidManifest.xml:116:23-70
activity#com.kiun.modelcommonsupport.ui.rollout.activity.WelcomeActivity
ADDED from src/main/AndroidManifest.xml:121:9-133:20
	android:screenOrientation
		ADDED from src/main/AndroidManifest.xml:124:13-49
	android:windowSoftInputMode
		ADDED from src/main/AndroidManifest.xml:126:13-67
	android:configChanges
		ADDED from src/main/AndroidManifest.xml:123:13-59
	android:theme
		ADDED from src/main/AndroidManifest.xml:125:13-49
	android:name
		ADDED from src/main/AndroidManifest.xml:122:13-91
activity#com.xzxx.decorate.o2o.consumer.MainActivity
ADDED from src/main/AndroidManifest.xml:135:9-140:20
	android:windowSoftInputMode
		ADDED from src/main/AndroidManifest.xml:138:13-67
	android:theme
		ADDED from src/main/AndroidManifest.xml:137:13-52
	android:name
		ADDED from src/main/AndroidManifest.xml:136:13-41
activity#com.kiun.modelcommonsupport.controllers.SelectCityActivity
ADDED from src/main/AndroidManifest.xml:143:9-104
	android:name
		ADDED from src/main/AndroidManifest.xml:143:19-92
activity#com.xzxx.decorate.o2o.ui.AddToAddressActivity
ADDED from src/main/AndroidManifest.xml:146:9-91
	android:name
		ADDED from src/main/AndroidManifest.xml:146:19-79
activity#com.xzxx.decorate.o2o.ui.AddAddressActivity
ADDED from src/main/AndroidManifest.xml:149:9-89
	android:name
		ADDED from src/main/AndroidManifest.xml:149:19-77
activity#com.xzxx.decorate.o2o.ui.MapSearchActivity
ADDED from src/main/AndroidManifest.xml:152:9-88
	android:name
		ADDED from src/main/AndroidManifest.xml:152:19-76
activity#com.xzxx.decorate.o2o.ui.PersonalAddressActivity
ADDED from src/main/AndroidManifest.xml:155:9-94
	android:name
		ADDED from src/main/AndroidManifest.xml:155:19-82
activity#com.xzxx.decorate.o2o.ui.WaitServiceActivity
ADDED from src/main/AndroidManifest.xml:159:9-161:20
	android:name
		ADDED from src/main/AndroidManifest.xml:159:19-78
activity#com.xzxx.decorate.o2o.ui.SubscribeOrderActivity
ADDED from src/main/AndroidManifest.xml:164:9-93
	android:name
		ADDED from src/main/AndroidManifest.xml:164:19-81
activity#com.xzxx.decorate.o2o.ui.PersonalInfoActivity
ADDED from src/main/AndroidManifest.xml:167:9-91
	android:name
		ADDED from src/main/AndroidManifest.xml:167:19-79
activity#com.kiun.modelcommonsupport.controllers.authority.LoginActivity
ADDED from src/main/AndroidManifest.xml:171:9-99
	android:name
		ADDED from src/main/AndroidManifest.xml:171:19-97
activity#com.kiun.modelcommonsupport.controllers.authority.RegisterActivity
ADDED from src/main/AndroidManifest.xml:173:9-102
	android:name
		ADDED from src/main/AndroidManifest.xml:173:19-100
activity#com.kiun.modelcommonsupport.controllers.authority.WebBaseActivity
ADDED from src/main/AndroidManifest.xml:174:9-101
	android:name
		ADDED from src/main/AndroidManifest.xml:174:19-99
activity#com.kiun.modelcommonsupport.controllers.authority.SettingLoginPasswodActivity
ADDED from src/main/AndroidManifest.xml:176:9-113
	android:name
		ADDED from src/main/AndroidManifest.xml:176:19-111
activity#com.kiun.modelcommonsupport.controllers.authority.ForgetPasswordActivity
ADDED from src/main/AndroidManifest.xml:178:9-108
	android:name
		ADDED from src/main/AndroidManifest.xml:178:19-106
activity#com.kiun.modelcommonsupport.controllers.authority.CodeLoginActivity
ADDED from src/main/AndroidManifest.xml:180:9-103
	android:name
		ADDED from src/main/AndroidManifest.xml:180:19-101
activity#com.kiun.modelcommonsupport.controllers.authority.ChangeMobieActivity
ADDED from src/main/AndroidManifest.xml:182:9-105
	android:name
		ADDED from src/main/AndroidManifest.xml:182:19-103
activity#com.kiun.modelcommonsupport.controllers.authority.PhoneModifyActivity
ADDED from src/main/AndroidManifest.xml:184:9-105
	android:name
		ADDED from src/main/AndroidManifest.xml:184:19-103
activity#com.kiun.modelcommonsupport.controllers.authority.SettingActivity
ADDED from src/main/AndroidManifest.xml:186:9-101
	android:name
		ADDED from src/main/AndroidManifest.xml:186:19-99
activity#com.kiun.modelcommonsupport.ui.rollout.activity.RolloutPreviewActivity
ADDED from src/main/AndroidManifest.xml:188:9-106
	android:name
		ADDED from src/main/AndroidManifest.xml:188:19-104
activity#com.kiun.modelcommonsupport.controllers.CameraActivity
ADDED from src/main/AndroidManifest.xml:190:9-90
	android:name
		ADDED from src/main/AndroidManifest.xml:190:19-88
activity#com.kiun.modelcommonsupport.hx.ChatActivity
ADDED from src/main/AndroidManifest.xml:194:9-79
	android:name
		ADDED from src/main/AndroidManifest.xml:194:19-77
activity#com.kiun.modelcommonsupport.hx.HXMapActivity
ADDED from src/main/AndroidManifest.xml:195:9-80
	android:name
		ADDED from src/main/AndroidManifest.xml:195:19-78
activity#com.kiun.modelcommonsupport.hx.ContactListActivity
ADDED from src/main/AndroidManifest.xml:196:9-86
	android:name
		ADDED from src/main/AndroidManifest.xml:196:19-84
activity#com.kiun.modelcommonsupport.hx.VideoCallActivity
ADDED from src/main/AndroidManifest.xml:197:9-84
	android:name
		ADDED from src/main/AndroidManifest.xml:197:19-82
activity#com.kiun.modelcommonsupport.hx.VoiceCallActivity
ADDED from src/main/AndroidManifest.xml:198:9-85
	android:name
		ADDED from src/main/AndroidManifest.xml:198:19-82
activity#com.hyphenate.easeui.ui.EaseShowBigImageActivity
ADDED from src/main/AndroidManifest.xml:199:9-94
	android:name
		ADDED from src/main/AndroidManifest.xml:199:19-82
activity#com.alipay.sdk.app.H5PayActivity
ADDED from src/main/AndroidManifest.xml:202:9-208:20
	android:screenOrientation
		ADDED from src/main/AndroidManifest.xml:206:13-47
	android:windowSoftInputMode
		ADDED from src/main/AndroidManifest.xml:207:13-67
	android:exported
		ADDED from src/main/AndroidManifest.xml:205:13-37
	android:configChanges
		ADDED from src/main/AndroidManifest.xml:204:13-85
	android:name
		ADDED from src/main/AndroidManifest.xml:203:13-60
activity#com.alipay.sdk.app.H5AuthActivity
ADDED from src/main/AndroidManifest.xml:209:9-215:20
	android:screenOrientation
		ADDED from src/main/AndroidManifest.xml:213:13-47
	android:windowSoftInputMode
		ADDED from src/main/AndroidManifest.xml:214:13-67
	android:exported
		ADDED from src/main/AndroidManifest.xml:212:13-37
	android:configChanges
		ADDED from src/main/AndroidManifest.xml:211:13-74
	android:name
		ADDED from src/main/AndroidManifest.xml:210:13-61
activity#com.xzxx.decorate.o2o.ui.NewMobileActivity
ADDED from src/main/AndroidManifest.xml:218:9-88
	android:name
		ADDED from src/main/AndroidManifest.xml:218:19-76
activity#com.xzxx.decorate.o2o.ui.OrderDetailActivity
ADDED from src/main/AndroidManifest.xml:221:9-223:20
	android:name
		ADDED from src/main/AndroidManifest.xml:221:19-78
activity#com.xzxx.decorate.o2o.ui.ServiceEvaluationActivity
ADDED from src/main/AndroidManifest.xml:226:9-230:20
	android:windowSoftInputMode
		ADDED from src/main/AndroidManifest.xml:228:13-52
	android:name
		ADDED from src/main/AndroidManifest.xml:227:13-78
activity#com.xzxx.decorate.o2o.ui.EvaluationCompleteActivity
ADDED from src/main/AndroidManifest.xml:233:9-235:20
	android:name
		ADDED from src/main/AndroidManifest.xml:233:19-85
activity#com.xzxx.decorate.o2o.ui.PersonalEvaluationActivity
ADDED from src/main/AndroidManifest.xml:238:9-97
	android:name
		ADDED from src/main/AndroidManifest.xml:238:19-85
activity#com.xzxx.decorate.o2o.ui.ApplyAfterServiceActivity
ADDED from src/main/AndroidManifest.xml:241:9-247:20
	android:screenOrientation
		ADDED from src/main/AndroidManifest.xml:244:13-49
	android:windowSoftInputMode
		ADDED from src/main/AndroidManifest.xml:245:13-67
	android:configChanges
		ADDED from src/main/AndroidManifest.xml:243:13-59
	android:name
		ADDED from src/main/AndroidManifest.xml:242:13-78
activity#com.xzxx.decorate.o2o.ui.ComplaintActivity
ADDED from src/main/AndroidManifest.xml:250:9-253:20
	android:windowSoftInputMode
		ADDED from src/main/AndroidManifest.xml:252:13-54
	android:name
		ADDED from src/main/AndroidManifest.xml:251:13-70
activity#com.xzxx.decorate.o2o.ui.PersonalCouponActivity
ADDED from src/main/AndroidManifest.xml:256:9-93
	android:name
		ADDED from src/main/AndroidManifest.xml:256:19-81
activity#com.xzxx.decorate.o2o.ui.ItemContentActivity
ADDED from src/main/AndroidManifest.xml:259:9-80
	android:name
		ADDED from src/main/AndroidManifest.xml:259:19-78
activity#com.xzxx.decorate.o2o.ui.OrderSubmitAvtivity
ADDED from src/main/AndroidManifest.xml:263:9-265:64
	android:windowSoftInputMode
		ADDED from src/main/AndroidManifest.xml:265:13-52
	android:name
		ADDED from src/main/AndroidManifest.xml:264:13-72
activity#com.kiun.modelcommonsupport.controllers.VoucherActivity
ADDED from src/main/AndroidManifest.xml:267:9-91
	android:name
		ADDED from src/main/AndroidManifest.xml:267:19-89
activity#com.xzxx.decorate.o2o.ui.InfomationActivity
ADDED from src/main/AndroidManifest.xml:268:9-79
	android:name
		ADDED from src/main/AndroidManifest.xml:268:19-77
activity#com.xzxx.decorate.o2o.ui.OrderListActivity
ADDED from src/main/AndroidManifest.xml:269:9-78
	android:name
		ADDED from src/main/AndroidManifest.xml:269:19-76
activity#com.xzxx.decorate.o2o.consumer.wxapi.WXPayEntryActivity
ADDED from src/main/AndroidManifest.xml:271:9-274:55
	android:launchMode
		ADDED from src/main/AndroidManifest.xml:274:13-43
	android:exported
		ADDED from src/main/AndroidManifest.xml:273:13-36
	android:name
		ADDED from src/main/AndroidManifest.xml:272:13-53
service#com.kiun.modelcommonsupport.push.DemoIntentService
ADDED from src/main/AndroidManifest.xml:277:9-85
	android:name
		ADDED from src/main/AndroidManifest.xml:277:18-83
service#com.kiun.modelcommonsupport.push.DemoPushService
ADDED from src/main/AndroidManifest.xml:280:9-285:19
	android:process
		ADDED from src/main/AndroidManifest.xml:284:13-43
	android:label
		ADDED from src/main/AndroidManifest.xml:283:13-40
	android:exported
		ADDED from src/main/AndroidManifest.xml:282:13-36
	android:name
		ADDED from src/main/AndroidManifest.xml:281:13-76
uses-sdk
INJECTED from src/main/AndroidManifest.xml reason: use-sdk injection requested
INJECTED from src/main/AndroidManifest.xml
INJECTED from src/main/AndroidManifest.xml
MERGED from [com.youth.banner:banner:1.4.10] AndroidManifest.xml:7:5-9:41
MERGED from [com.youth.banner:banner:1.4.10] AndroidManifest.xml:7:5-9:41
MERGED from [com.makeramen:roundedimageview:2.2.1] AndroidManifest.xml:7:5-43
MERGED from [com.makeramen:roundedimageview:2.2.1] AndroidManifest.xml:7:5-43
MERGED from [com.android.support:design:27.1.1] AndroidManifest.xml:20:5-44
MERGED from [com.android.support:design:27.1.1] AndroidManifest.xml:20:5-44
MERGED from [com.android.support:multidex:1.0.2] AndroidManifest.xml:20:5-43
MERGED from [com.android.support:multidex:1.0.2] AndroidManifest.xml:20:5-43
MERGED from [:libmc] AndroidManifest.xml:7:5-9:41
MERGED from [:libmc] AndroidManifest.xml:7:5-9:41
MERGED from [com.github.chrisbanes.photoview:library:1.2.3] AndroidManifest.xml:2:5-72
MERGED from [com.github.chrisbanes.photoview:library:1.2.3] AndroidManifest.xml:2:5-72
MERGED from [:easeui] AndroidManifest.xml:5:5-7:41
MERGED from [:easeui] AndroidManifest.xml:5:5-7:41
MERGED from [com.google.android.gms:play-services-base:11.4.0] AndroidManifest.xml:17:5-43
MERGED from [com.google.android.gms:play-services-base:11.4.0] AndroidManifest.xml:17:5-43
MERGED from [com.google.android.gms:play-services-tasks:11.4.0] AndroidManifest.xml:3:5-43
MERGED from [com.google.android.gms:play-services-tasks:11.4.0] AndroidManifest.xml:3:5-43
MERGED from [com.google.android.gms:play-services-basement:11.4.0] AndroidManifest.xml:17:5-43
MERGED from [com.google.android.gms:play-services-basement:11.4.0] AndroidManifest.xml:17:5-43
MERGED from [com.android.support:support-v4:27.1.1] AndroidManifest.xml:20:5-44
MERGED from [com.android.support:support-v4:27.1.1] AndroidManifest.xml:20:5-44
MERGED from [com.yuyh.bubble:library:1.0.0] AndroidManifest.xml:7:5-9:41
MERGED from [com.yuyh.bubble:library:1.0.0] AndroidManifest.xml:7:5-9:41
MERGED from [com.android.support:appcompat-v7:27.1.1] AndroidManifest.xml:20:5-44
MERGED from [com.android.support:appcompat-v7:27.1.1] AndroidManifest.xml:20:5-44
MERGED from [com.android.support.constraint:constraint-layout:1.1.1] AndroidManifest.xml:5:5-7:41
MERGED from [com.android.support.constraint:constraint-layout:1.1.1] AndroidManifest.xml:5:5-7:41
MERGED from [com.android.support:recyclerview-v7:27.1.1] AndroidManifest.xml:20:5-44